    *-------------------------------------------------------------*
    |                                                             |
    |  W E L C O M E   T O   T H E   A N S Y S (R)  P R O G R A M |
    |                                                             |
    *-------------------------------------------------------------*
    ***************************************************************
    *                  ANSYS 19.2 LEGAL NOTICES                   *
    ***************************************************************
    *                                                             *
    * Copyright 1971-2017 SAS IP, Inc.  All rights reserved.      *
    * Unauthorized use, distribution or duplication is            *
    * prohibited.                                                 *
    * ANSYS is a registered trademark of ANSYS, Inc or its        *
    * subsidiaries in the United States or other countries.       *
    *                                                             *
    * ANSYS, Inc. is UL registered                                *
    * ISO 9001:2008 Companies.                                    *
    *                                                             *
    ***************************************************************
    *                                                             *
    * THIS ANSYS SOFTWARE PRODUCT AND PROGRAM DOCUMENTATION       *
    * INCLUDE TRADE SECRETS AND CONFIDENTIAL AND PROPRIETARY      *
    * PRODUCTS OF ANSYS, INC., ITS SUBSIDIARIES, OR LICENSORS.    *
    * The software products and documentation are furnished by    *
    * ANSYS, Inc. or its subsidiaries under a software license    *
    * agreement that contains provisions concerning               *
    * non-disclosure, copying, length and nature of use,          *
    * compliance with exporting laws, warranties, disclaimers,    *
    * limitations of liability, and remedies, and other           *
    * provisions.  The software products and documentation may be *
    * used, disclosed, transferred, or copied only in accordance  *
    * with the terms and conditions of that software license      *
    * agreement.                                                  *
    *                                                             *
    * See the ANSYS, Inc. online documentation or the ANSYS, Inc. *
    * documentation CD for the complete Legal Notice.             *
    *                                                             *
    ***************************************************************
    *                                                             *
    * This product is subject to US laws governing export and     *
    * re-export.                                                  *
    *                                                             *
    * For U.S. Government users, except as specifically granted   *
    * by the ANSYS, Inc. software license agreement, the use,     *
    * duplication, or disclosure by the United States Government  *
    * is subject to restrictions stated in the ANSYS, Inc.        *
    * software license agreement and FAR 12.212 (for non-DOD      *
    * licenses).                                                  *
    *                                                             *
    ***************************************************************
    Version No 19,2018,220,1

    Creating Internal Loads
    Creating Flexible Bodies Internal Drivers
    Updating Loads and Drivers Based On Internal Joint Representation
    Updating Stops Based On Internal Joint Representation
    Creating Stops Contact Points
    Updating Relations Based On Internal Joint Representation
    Initializing Transient Analysis

    ___________________________________________________________________________________________________________________________________________________________________________
    Starting assembly simulation

    Some joint conditions have been combined to form 3D rotations joint conditions
    Input Rotations will be considered as Euler angles
    Convergence reached after 1 Iteration


    Analysis of model redundancies:
    No Redundancies detected in the model



    _________________________________________________________________________
    Starting transient simulation

    Using Runge-Kutta 4 time integration

    Model Summary:

    Number of effective bodies: 6
    Total Number of Joints: 8 (5 based on degrees of freedom, 3 based on constraint equations)
        1 Joint of Type Free
        6 Joints of Type Revolute
        1 Joint of Type Translational

    Number of Physical Degrees of Freedom: 5

    _________________________________________________________________________

    Current Time: 0 Current time step 0.02
    Current Time: 0.0925099 Current time step 0.00867328
    Current Time: 0.185359 Current time step 0.00995204
    Current Time: 0.289545 Current time step 0.0109697
    Current Time: 0.403436 Current time step 0.0118582
    Current Time: 0.524344 Current time step 0.0122302
    Current Time: 0.645464 Current time step 0.0118601
    Current Time: 0.76122 Current time step 0.011246
    Current Time: 0.871911 Current time step 0.0109322
    Current Time: 0.981441 Current time step 0.0110981
    Current Time: 1.09611 Current time step 0.0119615
    Current Time: 1.2211 Current time step 0.013353
    Current Time: 1.36676 Current time step 0.0164899
    Current Time: 1.55029 Current time step 0.0196898
    Current Time: 1.7301 Current time step 0.0153345
    Current Time: 1.86848 Current time step 0.012535
    Current Time: 1.98878 Current time step 0.0116045
    Current Time: 2.10335 Current time step 0.0113551
    Current Time: 2.21718 Current time step 0.0114884
    Current Time: 2.33408 Current time step 0.0119922
    Current Time: 2.45675 Current time step 0.0125554
    Current Time: 2.58294 Current time step 0.0125539
    Current Time: 2.706 Current time step 0.0119469
    Current Time: 2.82274 Current time step 0.0114076
    Current Time: 2.93603 Current time step 0.0113227
    Current Time: 3.05056 Current time step 0.0116932
    Current Time: 3.17115 Current time step 0.0126561
    Current Time: 3.30633 Current time step 0.01492
    Current Time: 3.47371 Current time step 0.0190757
    Current Time: 3.66522 Current time step 0.0173753
    Current Time: 3.81811 Current time step 0.0133361
    Current Time: 3.9435 Current time step 0.0118604

    ___________________________________________________________________________________________________________________________________________________________________________

    Total number of time steps: 316
    Average time step: 0.0126582

    Number of rejected time steps: 0
    Number of discontinuities: 0
    Number of saved transient configurations: 317
    Maximum relative error: 0.0163915 (%)
    Number of position correction iterations: 1894
    Number of velocity correction steps: 317

    End of Transient Simulation. CPU Time 1.04688 Elapsed Time 0.954


    ___________________________________________________________________________________________________________________________________________________________________________

    Analysis of model redundancies:
    No Redundancies detected in the model


